[2025-12-26T01:45:01.199+0000] {local_task_job_runner.py:120} INFO - ::group::Pre task execution logs
[2025-12-26T01:45:01.219+0000] {taskinstance.py:2076} INFO - Dependencies all met for dep_context=non-requeueable deps ti=<TaskInstance: update_db.staging_table scheduled__2025-12-25T01:45:00+00:00 [queued]>
[2025-12-26T01:45:01.226+0000] {taskinstance.py:2076} INFO - Dependencies all met for dep_context=requeueable deps ti=<TaskInstance: update_db.staging_table scheduled__2025-12-25T01:45:00+00:00 [queued]>
[2025-12-26T01:45:01.226+0000] {taskinstance.py:2306} INFO - Starting attempt 1 of 1
[2025-12-26T01:45:01.232+0000] {taskinstance.py:2330} INFO - Executing <Task(_PythonDecoratedOperator): staging_table> on 2025-12-25 01:45:00+00:00
[2025-12-26T01:45:01.237+0000] {standard_task_runner.py:63} INFO - Started process 1330 to run task
[2025-12-26T01:45:01.243+0000] {standard_task_runner.py:90} INFO - Running: ['airflow', 'tasks', 'run', 'update_db', 'staging_table', 'scheduled__2025-12-25T01:45:00+00:00', '--job-id', '102', '--raw', '--subdir', 'DAGS_FOLDER/main.py', '--cfg-path', '/tmp/tmpf8p1fi5m']
[2025-12-26T01:45:01.246+0000] {standard_task_runner.py:91} INFO - Job 102: Subtask staging_table
[2025-12-26T01:45:01.301+0000] {task_command.py:426} INFO - Running <TaskInstance: update_db.staging_table scheduled__2025-12-25T01:45:00+00:00 [running]> on host 8116f9379c0f
[2025-12-26T01:45:01.369+0000] {taskinstance.py:2648} INFO - Exporting env vars: AIRFLOW_CTX_DAG_EMAIL='data@engineers.com' AIRFLOW_CTX_DAG_OWNER='airflow' AIRFLOW_CTX_DAG_ID='update_db' AIRFLOW_CTX_TASK_ID='staging_table' AIRFLOW_CTX_EXECUTION_DATE='2025-12-25T01:45:00+00:00' AIRFLOW_CTX_TRY_NUMBER='1' AIRFLOW_CTX_DAG_RUN_ID='scheduled__2025-12-25T01:45:00+00:00'
[2025-12-26T01:45:01.370+0000] {taskinstance.py:430} INFO - ::endgroup::
[2025-12-26T01:45:01.382+0000] {base.py:84} INFO - Using connection ID 'postgres_db_yt_elt' for task execution.
[2025-12-26T01:45:01.388+0000] {data_loading.py:13} INFO - Processing file: YT_data(2025-12-26.json)
[2025-12-26T01:45:01.389+0000] {data_loading.py:20} ERROR - File not found: ./data/YT_data_2025-12-26.json
[2025-12-26T01:45:01.390+0000] {dwh.py:58} ERROR - An error occurred during the update of staging table: [Errno 2] No such file or directory: './data/YT_data_2025-12-26.json'
[2025-12-26T01:45:01.390+0000] {taskinstance.py:441} INFO - ::group::Post task execution logs
[2025-12-26T01:45:01.391+0000] {taskinstance.py:2905} ERROR - Task failed with exception
Traceback (most recent call last):
  File "/home/airflow/.local/lib/python3.10/site-packages/airflow/models/taskinstance.py", line 465, in _execute_task
    result = _execute_callable(context=context, **execute_callable_kwargs)
  File "/home/airflow/.local/lib/python3.10/site-packages/airflow/models/taskinstance.py", line 432, in _execute_callable
    return execute_callable(context=context, **execute_callable_kwargs)
  File "/home/airflow/.local/lib/python3.10/site-packages/airflow/models/baseoperator.py", line 401, in wrapper
    return func(self, *args, **kwargs)
  File "/home/airflow/.local/lib/python3.10/site-packages/airflow/decorators/base.py", line 265, in execute
    return_value = super().execute(context)
  File "/home/airflow/.local/lib/python3.10/site-packages/airflow/models/baseoperator.py", line 401, in wrapper
    return func(self, *args, **kwargs)
  File "/home/airflow/.local/lib/python3.10/site-packages/airflow/operators/python.py", line 235, in execute
    return_value = self.execute_callable()
  File "/home/airflow/.local/lib/python3.10/site-packages/airflow/operators/python.py", line 252, in execute_callable
    return self.python_callable(*self.op_args, **self.op_kwargs)
  File "/opt/airflow/dags/datawarehouse/dwh.py", line 59, in staging_table
    raise e
  File "/opt/airflow/dags/datawarehouse/dwh.py", line 30, in staging_table
    YT_data = load_data()
  File "/opt/airflow/dags/datawarehouse/data_loading.py", line 21, in load_data
    raise e
  File "/opt/airflow/dags/datawarehouse/data_loading.py", line 15, in load_data
    with open(file_path, "r", encoding="utf-8") as raw_data:
FileNotFoundError: [Errno 2] No such file or directory: './data/YT_data_2025-12-26.json'
[2025-12-26T01:45:01.401+0000] {taskinstance.py:1206} INFO - Marking task as FAILED. dag_id=update_db, task_id=staging_table, run_id=scheduled__2025-12-25T01:45:00+00:00, execution_date=20251225T014500, start_date=20251226T014501, end_date=20251226T014501
[2025-12-26T01:45:01.410+0000] {standard_task_runner.py:110} ERROR - Failed to execute job 102 for task staging_table ([Errno 2] No such file or directory: './data/YT_data_2025-12-26.json'; 1330)
[2025-12-26T01:45:01.465+0000] {local_task_job_runner.py:240} INFO - Task exited with return code 1
[2025-12-26T01:45:01.484+0000] {taskinstance.py:3503} INFO - 0 downstream tasks scheduled from follow-on schedule check
[2025-12-26T01:45:01.487+0000] {local_task_job_runner.py:222} INFO - ::endgroup::
