[2025-12-22T01:45:00.708+0000] {local_task_job_runner.py:120} INFO - ::group::Pre task execution logs
[2025-12-22T01:45:00.726+0000] {taskinstance.py:2076} INFO - Dependencies all met for dep_context=non-requeueable deps ti=<TaskInstance: update_db.staging_table scheduled__2025-12-21T01:45:00+00:00 [queued]>
[2025-12-22T01:45:00.731+0000] {taskinstance.py:2076} INFO - Dependencies all met for dep_context=requeueable deps ti=<TaskInstance: update_db.staging_table scheduled__2025-12-21T01:45:00+00:00 [queued]>
[2025-12-22T01:45:00.731+0000] {taskinstance.py:2306} INFO - Starting attempt 1 of 1
[2025-12-22T01:45:00.738+0000] {taskinstance.py:2330} INFO - Executing <Task(_PythonDecoratedOperator): staging_table> on 2025-12-21 01:45:00+00:00
[2025-12-22T01:45:00.743+0000] {standard_task_runner.py:63} INFO - Started process 30515 to run task
[2025-12-22T01:45:00.748+0000] {standard_task_runner.py:90} INFO - Running: ['airflow', 'tasks', 'run', 'update_db', 'staging_table', 'scheduled__2025-12-21T01:45:00+00:00', '--job-id', '78', '--raw', '--subdir', 'DAGS_FOLDER/main.py', '--cfg-path', '/tmp/tmp6hyf9y2j']
[2025-12-22T01:45:00.749+0000] {standard_task_runner.py:91} INFO - Job 78: Subtask staging_table
[2025-12-22T01:45:00.792+0000] {task_command.py:426} INFO - Running <TaskInstance: update_db.staging_table scheduled__2025-12-21T01:45:00+00:00 [running]> on host 0811287fdd88
[2025-12-22T01:45:00.860+0000] {taskinstance.py:2648} INFO - Exporting env vars: AIRFLOW_CTX_DAG_EMAIL='data@engineers.com' AIRFLOW_CTX_DAG_OWNER='airflow' AIRFLOW_CTX_DAG_ID='update_db' AIRFLOW_CTX_TASK_ID='staging_table' AIRFLOW_CTX_EXECUTION_DATE='2025-12-21T01:45:00+00:00' AIRFLOW_CTX_TRY_NUMBER='1' AIRFLOW_CTX_DAG_RUN_ID='scheduled__2025-12-21T01:45:00+00:00'
[2025-12-22T01:45:00.862+0000] {taskinstance.py:430} INFO - ::endgroup::
[2025-12-22T01:45:00.889+0000] {base.py:84} INFO - Using connection ID 'postgres_db_yt_elt' for task execution.
[2025-12-22T01:45:00.896+0000] {data_loading.py:13} INFO - Processing file: YT_data(2025-12-22.json)
[2025-12-22T01:45:00.897+0000] {data_loading.py:20} ERROR - File not found: ./data/YT_data_2025-12-22.json
[2025-12-22T01:45:00.897+0000] {dwh.py:58} ERROR - An error occurred during the update of staging table: [Errno 2] No such file or directory: './data/YT_data_2025-12-22.json'
[2025-12-22T01:45:00.897+0000] {taskinstance.py:441} INFO - ::group::Post task execution logs
[2025-12-22T01:45:00.898+0000] {taskinstance.py:2905} ERROR - Task failed with exception
Traceback (most recent call last):
  File "/home/airflow/.local/lib/python3.10/site-packages/airflow/models/taskinstance.py", line 465, in _execute_task
    result = _execute_callable(context=context, **execute_callable_kwargs)
  File "/home/airflow/.local/lib/python3.10/site-packages/airflow/models/taskinstance.py", line 432, in _execute_callable
    return execute_callable(context=context, **execute_callable_kwargs)
  File "/home/airflow/.local/lib/python3.10/site-packages/airflow/models/baseoperator.py", line 401, in wrapper
    return func(self, *args, **kwargs)
  File "/home/airflow/.local/lib/python3.10/site-packages/airflow/decorators/base.py", line 265, in execute
    return_value = super().execute(context)
  File "/home/airflow/.local/lib/python3.10/site-packages/airflow/models/baseoperator.py", line 401, in wrapper
    return func(self, *args, **kwargs)
  File "/home/airflow/.local/lib/python3.10/site-packages/airflow/operators/python.py", line 235, in execute
    return_value = self.execute_callable()
  File "/home/airflow/.local/lib/python3.10/site-packages/airflow/operators/python.py", line 252, in execute_callable
    return self.python_callable(*self.op_args, **self.op_kwargs)
  File "/opt/airflow/dags/datawarehouse/dwh.py", line 59, in staging_table
    raise e
  File "/opt/airflow/dags/datawarehouse/dwh.py", line 30, in staging_table
    YT_data = load_data()
  File "/opt/airflow/dags/datawarehouse/data_loading.py", line 21, in load_data
    raise e
  File "/opt/airflow/dags/datawarehouse/data_loading.py", line 15, in load_data
    with open(file_path, "r", encoding="utf-8") as raw_data:
FileNotFoundError: [Errno 2] No such file or directory: './data/YT_data_2025-12-22.json'
[2025-12-22T01:45:00.912+0000] {taskinstance.py:1206} INFO - Marking task as FAILED. dag_id=update_db, task_id=staging_table, run_id=scheduled__2025-12-21T01:45:00+00:00, execution_date=20251221T014500, start_date=20251222T014500, end_date=20251222T014500
[2025-12-22T01:45:00.919+0000] {standard_task_runner.py:110} ERROR - Failed to execute job 78 for task staging_table ([Errno 2] No such file or directory: './data/YT_data_2025-12-22.json'; 30515)
[2025-12-22T01:45:00.964+0000] {local_task_job_runner.py:240} INFO - Task exited with return code 1
[2025-12-22T01:45:00.982+0000] {taskinstance.py:3503} INFO - 0 downstream tasks scheduled from follow-on schedule check
[2025-12-22T01:45:00.984+0000] {local_task_job_runner.py:222} INFO - ::endgroup::
